BandAccelerometerApp/build/outputs/logs/manifest-merger-debug-report.txt
-- Merging decision tree log ---
manifest
ADDED from CS7470/BandAccelerometerApp/AndroidManifest.xml:2:1-40:12
	package
		ADDED from CS7470/BandAccelerometerApp/AndroidManifest.xml:3:5-61
	android:versionName
		ADDED from CS7470/BandAccelerometerApp/AndroidManifest.xml:5:5-30
		INJECTED from CS7470/BandAccelerometerApp/AndroidManifest.xml
		INJECTED from CS7470/BandAccelerometerApp/AndroidManifest.xml
	android:versionCode
		ADDED from CS7470/BandAccelerometerApp/AndroidManifest.xml:4:5-28
		INJECTED from CS7470/BandAccelerometerApp/AndroidManifest.xml
		INJECTED from CS7470/BandAccelerometerApp/AndroidManifest.xml
	xmlns:android
		ADDED from CS7470/BandAccelerometerApp/AndroidManifest.xml:2:11-69
uses-sdk
ADDED from CS7470/BandAccelerometerApp/AndroidManifest.xml:7:5-9:41
	android:targetSdkVersion
		ADDED from CS7470/BandAccelerometerApp/AndroidManifest.xml:9:9-38
	android:minSdkVersion
		ADDED from CS7470/BandAccelerometerApp/AndroidManifest.xml:8:9-35
uses-permission#android.permission.BLUETOOTH
ADDED from CS7470/BandAccelerometerApp/AndroidManifest.xml:11:5-68
	android:name
		ADDED from CS7470/BandAccelerometerApp/AndroidManifest.xml:11:22-65
uses-permission#com.microsoft.band.service.access.BIND_BAND_SERVICE
ADDED from CS7470/BandAccelerometerApp/AndroidManifest.xml:12:5-91
	android:name
		ADDED from CS7470/BandAccelerometerApp/AndroidManifest.xml:12:22-88
uses-permission#android.permission.READ_PHONE_STATE
ADDED from CS7470/BandAccelerometerApp/AndroidManifest.xml:14:5-75
	android:name
		ADDED from CS7470/BandAccelerometerApp/AndroidManifest.xml:14:22-72
uses-permission#android.permission.INTERNET
ADDED from CS7470/BandAccelerometerApp/AndroidManifest.xml:15:5-67
	android:name
		ADDED from CS7470/BandAccelerometerApp/AndroidManifest.xml:15:22-64
application
ADDED from CS7470/BandAccelerometerApp/AndroidManifest.xml:18:5-38:19
	android:label
		ADDED from CS7470/BandAccelerometerApp/AndroidManifest.xml:21:9-41
	android:allowBackup
		ADDED from CS7470/BandAccelerometerApp/AndroidManifest.xml:19:9-35
	android:icon
		ADDED from CS7470/BandAccelerometerApp/AndroidManifest.xml:20:9-45
	android:theme
		ADDED from CS7470/BandAccelerometerApp/AndroidManifest.xml:22:9-40
activity#com.microsoft.band.sdk.sampleapp.test.MainActivity
ADDED from CS7470/BandAccelerometerApp/AndroidManifest.xml:23:9-32:20
	android:screenOrientation
		ADDED from CS7470/BandAccelerometerApp/AndroidManifest.xml:26:13-49
	android:label
		ADDED from CS7470/BandAccelerometerApp/AndroidManifest.xml:25:13-45
	android:name
		ADDED from CS7470/BandAccelerometerApp/AndroidManifest.xml:24:13-78
intent-filter#android.intent.action.MAIN+android.intent.category.LAUNCHER
ADDED from CS7470/BandAccelerometerApp/AndroidManifest.xml:27:13-31:29
action#android.intent.action.MAIN
ADDED from CS7470/BandAccelerometerApp/AndroidManifest.xml:28:17-69
	android:name
		ADDED from CS7470/BandAccelerometerApp/AndroidManifest.xml:28:25-66
category#android.intent.category.LAUNCHER
ADDED from CS7470/BandAccelerometerApp/AndroidManifest.xml:30:17-77
	android:name
		ADDED from CS7470/BandAccelerometerApp/AndroidManifest.xml:30:27-74
service#com.microsoft.band.sdk.sampleapp.test.BackgroundBandService
ADDED from CS7470/BandAccelerometerApp/AndroidManifest.xml:34:9-37:47
	android:enabled
		ADDED from CS7470/BandAccelerometerApp/AndroidManifest.xml:36:13-35
	android:exported
		ADDED from CS7470/BandAccelerometerApp/AndroidManifest.xml:37:13-36
	android:name
		ADDED from CS7470/BandAccelerometerApp/AndroidManifest.xml:35:13-87